---------------------------------------
 DCC v0.0, ClearSy 2017

 Configuration from user arguments
---------------------------------------
step                   | final-hex
release_mode           | ReleaseMode.SAFETY
platform               | win32
install_dir            | C:\CSSP\Atelier_B_cssp_4.6.0-rc7\dcc_package_win
build_dir              | C:\CSSP\CSSP_WORKSPACE\Obstacle_DetectionV0\lang\dcc
compile_mode           | CompilationMode.USER
ending_mode            | EndingMode.LCHIP
debug_mode             | False
lite_mode              | False
project_name           | Obstacle_DetectionV0
build_project_dir      | C:\CSSP\CSSP_WORKSPACE\Obstacle_DetectionV0\lang\dcc\Obstacle_DetectionV0
kernel_archive         | C:\CSSP\Atelier_B_cssp_4.6.0-rc7\extensions\LCHIP_generic_795L_multi_kernel_kernel_archive.zip
tools_dir              | C:\CSSP\Atelier_B_cssp_4.6.0-rc7\dcc_package_win\tools_win
tools_cfg              | C:\CSSP\Atelier_B_cssp_4.6.0-rc7\dcc_package_win\tools.cfg
config_dir             | C:\CSSP\Atelier_B_cssp_4.6.0-rc7\extensions\lchip_user_src\cfg
resources_dir          | C:\CSSP\Atelier_B_cssp_4.6.0-rc7\extensions\lchip_user_src\resources
c_src_dir              | C:\CSSP\Atelier_B_cssp_4.6.0-rc7\extensions\lchip_user_src\src
b_bdp_dir              | C:\CSSP\CSSP_WORKSPACE\Obstacle_DetectionV0\bdp
b_db                   | C:\CSSP\CSSP_WORKSPACE\Obstacle_DetectionV0\bdp\Obstacle_DetectionV0.db
parrallel_build_tasks  | 1
compiler               | C:\CSSP\Atelier_B_cssp_4.6.0-rc7\dcc_package_win\tools_win\c2hex\pic32-tools\bin\pic32-gcc.exe
read_elf               | C:\CSSP\Atelier_B_cssp_4.6.0-rc7\dcc_package_win\tools_win\c2hex\pic32-tools\bin\pic32-readelf.exe
bin2hex                | C:\CSSP\Atelier_B_cssp_4.6.0-rc7\dcc_package_win\tools_win\c2hex\pic32-tools\bin\pic32-bin2hex.exe
c_compiler_options     | False
use_bootloader         | False
generate_mips_assembly | False
Output hex file        | C:\CSSP\CSSP_WORKSPACE\Obstacle_DetectionV0\lang\dcc\Obstacle_DetectionV0\Obstacle_DetectionV0_final.hex

 Configuration tools configuration file
---------------------------------------
bxml                  | C:\CSSP\Atelier_B_cssp_4.6.0-rc7\dcc_package_win\tools_win\bin\bxml.exe
c4b                   | C:\CSSP\Atelier_B_cssp_4.6.0-rc7\dcc_package_win\tools_win\bin\b2c.exe
concateneur           | C:\CSSP\Atelier_B_cssp_4.6.0-rc7\dcc_package_win\tools_win\bin\Concateneur_non_gui.exe
checksummer_debarque  | C:\CSSP\Atelier_B_cssp_4.6.0-rc7\dcc_package_win\tools_win\bin\ChecksummerDebarque.exe
checksummer_total     | C:\CSSP\Atelier_B_cssp_4.6.0-rc7\dcc_package_win\tools_win\bin\CheckSummerTotalNonGui.exe
mapping_b32_gen       | C:\CSSP\Atelier_B_cssp_4.6.0-rc7\dcc_package_win\tools_win\bin\mapping_b32_gen.exe
link_to_replicas_gen  | C:\CSSP\Atelier_B_cssp_4.6.0-rc7\dcc_package_win\tools_win\bin\link_to_replicas_gen.exe
info_memory_usage     | C:\CSSP\Atelier_B_cssp_4.6.0-rc7\dcc_package_win\tools_win\bin\info_memory_usage.exe
include_constants_gen | C:\CSSP\Atelier_B_cssp_4.6.0-rc7\dcc_package_win\tools_win\bin\include_constants_gen.exe
model_data_group_gen  | C:\CSSP\Atelier_B_cssp_4.6.0-rc7\dcc_package_win\tools_win\bin\model_data_group_gen.exe
pic32ubl              | C:\CSSP\Atelier_B_cssp_4.6.0-rc7\dcc_package_win\tools_win\bin\LCHIP_uploader.exe

 Configuration project configuration file
---------------------------------------
COMPILATION_MODE                | USER
ENDING_MODE                     | LCHIP
MCU                             | 32MX795F512L
INCLUDE_CONSTANTS_PATH          | replica_2\include_constants.h
C4B_OUTPUT_PATH                 | replica_2
LINKER_SCRIPT                   | LinkerScript.ld
PROGRAM_MEM                     | ORIGIN = 0x9D000000, LENGTH = 0x80000
PROGRAM_DATA                    | ORIGIN = 0xA0000000, LENGTH = 0x20000
BOOTLOADER_AREA                 | ORIGIN = 0x1FC00000, LENGTH = 0x3000
[_SYSTEM_RESERVED_FLASH_LENGTH] | 0x15000
[_SYSTEM_RESERVED_RAM_LENGTH]   | 0x8000
[_PRECOMPUTED_CRC_SPACE]        | 0x1000
[_PRECOMPUTED_CRC_LENGTH]       | 0x1000
C_COMPILER                      | pic32
C_COMPILER_OPT                  | -D _DISABLE_OPENADC10_CONFIGPORT_WARNING -D _SUPPRESS_PLIB_WARNING
R1_CHK_VAR_SECTION              | .R1_CHK_VAR
R1_NCHK_VAR_SECTION             | .R1_NCHK_VAR
R1_FN_SECTION                   | .R1_FN
SYMBOL_REGEX                    | ^safety_variables__initialisation$
STRUCT_GLOBAL_CONSTANTS         | global_constants
STRUCT_SAFETY_VARIABLES_SIZE    | struct_safety_variables_size_minus_1
STRUCT_SAFETY_VARIABLES_ARRAY   | safety_variables_array
LINK_TO_KERNEL_REGEX            | ^.*$
LINK_TO_KERNEL_ADDR_PATH        | kernel_app\link_to_kernel_addr.h
NON_APP_SECTION_REGEX           | ^\.(USER_INFO|TEST_FLASH|SAFETY_SPACE_CRC|CRC|NR_NS_FN_NO_CACHE|R[12]?_U_\w+)$
FREE_FLASH_SECTION              | .FREE_FLASH_SPACE
FREE_RAM_SECTION                | .FREE_RAM_SPACE



 -------------------- 
|     I - Ending     |
 -------------------- 

1.1) Generate map file
--------------------------
Launch [Info memory usage] : ['C:\\CSSP\\Atelier_B_cssp_4.6.0-rc7\\dcc_package_win\\tools_win\\bin\\info_memory_usage.exe', 'C:/CSSP/CSSP_WORKSPACE/Obstacle_DetectionV0/lang/dcc\\Obstacle_DetectionV0\\cfg\\config.cfg', 'C:\\CSSP\\Atelier_B_cssp_4.6.0-rc7\\dcc_package_win\\tools_win\\c2hex\\pic32-tools\\bin\\pic32-readelf.exe', 'C:/CSSP/CSSP_WORKSPACE/Obstacle_DetectionV0/lang/dcc\\Obstacle_DetectionV0\\c_toolchain_2\\release\\c_toolchain_2.elf', 'C:/CSSP/CSSP_WORKSPACE/Obstacle_DetectionV0/lang/dcc\\Obstacle_DetectionV0\\b_toolchain\\b32_release\\b32_toolchain.output_mapping', '-map', 'C:/CSSP/CSSP_WORKSPACE/Obstacle_DetectionV0/lang/dcc\\Obstacle_DetectionV0\\Obstacle_DetectionV0.map']
Warning, ignored mapping line in C:/CSSP/CSSP_WORKSPACE/Obstacle_DetectionV0/lang/dcc\Obstacle_DetectionV0\Obstacle_DetectionV0.map : # Autogenerated file on Wed Apr 17 15:16:34 2024
Mapping file C:/CSSP/CSSP_WORKSPACE/Obstacle_DetectionV0/lang/dcc\Obstacle_DetectionV0\Obstacle_DetectionV0.map successfully loaded

1.2) C1 = c_toochain_hex + c_toochain_hex_k
-----------------------------------------------
Launch [Concateneur] : ['C:\\CSSP\\Atelier_B_cssp_4.6.0-rc7\\dcc_package_win\\tools_win\\bin\\Concateneur_non_gui.exe', '-wpe', '-wbe', '-o', 'C:/CSSP/CSSP_WORKSPACE/Obstacle_DetectionV0/lang/dcc\\Obstacle_DetectionV0\\ending\\C1[c_toochain_hex+c_toochain_hex_k].hex', '-i', 'C:/CSSP/CSSP_WORKSPACE/Obstacle_DetectionV0/lang/dcc\\Obstacle_DetectionV0\\c_toolchain_2\\release\\c_toolchain_2.hex', 'C:/CSSP/CSSP_WORKSPACE/Obstacle_DetectionV0/lang/dcc\\Obstacle_DetectionV0\\k_archive\\c_toolchain.hex']
ClearSy - ConcateneurNonGui v3.1
Export reussi
Fichiers utilises : 
    - fichiers Hex :
C:/CSSP/CSSP_WORKSPACE/Obstacle_DetectionV0/lang/dcc\Obstacle_DetectionV0\c_toolchain_2\release\c_toolchain_2.hex
C:/CSSP/CSSP_WORKSPACE/Obstacle_DetectionV0/lang/dcc\Obstacle_DetectionV0\k_archive\c_toolchain.hex
    -fichier genere
C:/CSSP/CSSP_WORKSPACE/Obstacle_DetectionV0/lang/dcc\Obstacle_DetectionV0\ending\C1[c_toochain_hex+c_toochain_hex_k].hex

1.3) C2 = b32_toolchain_hex + b32_toolchain_hex_k
-----------------------------------------------------
Launch [Concateneur] : ['C:\\CSSP\\Atelier_B_cssp_4.6.0-rc7\\dcc_package_win\\tools_win\\bin\\Concateneur_non_gui.exe', '-wpe', '-wbe', '-o', 'C:/CSSP/CSSP_WORKSPACE/Obstacle_DetectionV0/lang/dcc\\Obstacle_DetectionV0\\ending\\C2[b32_toolchain_hex+b32_toolchain_hex_k].hex', '-i', 'C:/CSSP/CSSP_WORKSPACE/Obstacle_DetectionV0/lang/dcc\\Obstacle_DetectionV0\\b_toolchain\\b32_release\\b32_toolchain.hex', 'C:/CSSP/CSSP_WORKSPACE/Obstacle_DetectionV0/lang/dcc\\Obstacle_DetectionV0\\k_archive\\b32_toolchain.hex']
ClearSy - ConcateneurNonGui v3.1
Export reussi
Fichiers utilises : 
    - fichiers Hex :
C:/CSSP/CSSP_WORKSPACE/Obstacle_DetectionV0/lang/dcc\Obstacle_DetectionV0\b_toolchain\b32_release\b32_toolchain.hex
C:/CSSP/CSSP_WORKSPACE/Obstacle_DetectionV0/lang/dcc\Obstacle_DetectionV0\k_archive\b32_toolchain.hex
    -fichier genere
C:/CSSP/CSSP_WORKSPACE/Obstacle_DetectionV0/lang/dcc\Obstacle_DetectionV0\ending\C2[b32_toolchain_hex+b32_toolchain_hex_k].hex

1.4) C3 = C1 + C2
---------------------
Launch [Concateneur] : ['C:\\CSSP\\Atelier_B_cssp_4.6.0-rc7\\dcc_package_win\\tools_win\\bin\\Concateneur_non_gui.exe', '-wpe', '-wbe', '-o', 'C:/CSSP/CSSP_WORKSPACE/Obstacle_DetectionV0/lang/dcc\\Obstacle_DetectionV0\\ending\\C3[C1+C2].hex', '-i', 'C:/CSSP/CSSP_WORKSPACE/Obstacle_DetectionV0/lang/dcc\\Obstacle_DetectionV0\\ending\\C1[c_toochain_hex+c_toochain_hex_k].hex', 'C:/CSSP/CSSP_WORKSPACE/Obstacle_DetectionV0/lang/dcc\\Obstacle_DetectionV0\\ending\\C2[b32_toolchain_hex+b32_toolchain_hex_k].hex']
ClearSy - ConcateneurNonGui v3.1
Export reussi
Fichiers utilises : 
    - fichiers Hex :
C:/CSSP/CSSP_WORKSPACE/Obstacle_DetectionV0/lang/dcc\Obstacle_DetectionV0\ending\C1[c_toochain_hex+c_toochain_hex_k].hex
C:/CSSP/CSSP_WORKSPACE/Obstacle_DetectionV0/lang/dcc\Obstacle_DetectionV0\ending\C2[b32_toolchain_hex+b32_toolchain_hex_k].hex
    -fichier genere
C:/CSSP/CSSP_WORKSPACE/Obstacle_DetectionV0/lang/dcc\Obstacle_DetectionV0\ending\C3[C1+C2].hex

1.5) CheckSummer
--------------------
Launch [Checksummer] : ['C:\\CSSP\\Atelier_B_cssp_4.6.0-rc7\\dcc_package_win\\tools_win\\bin\\CheckSummerTotalNonGui.exe', '-crc32', '-i', 'C:/CSSP/CSSP_WORKSPACE/Obstacle_DetectionV0/lang/dcc\\Obstacle_DetectionV0\\ending\\C3[C1+C2].hex', '-vinit', '0-1023', '-p', '0x04C11DB7', '-outfile', 'C:/CSSP/CSSP_WORKSPACE/Obstacle_DetectionV0/lang/dcc\\Obstacle_DetectionV0\\ending\\PRE_CRC.hex', '', '-acrc', '0x1D07F000', '-zm 0x1d015000;0x1d07dfff']
Launch [Concateneur] : ['C:\\CSSP\\Atelier_B_cssp_4.6.0-rc7\\dcc_package_win\\tools_win\\bin\\Concateneur_non_gui.exe', '-wpe', '-wbe', '-o', 'C:/CSSP/CSSP_WORKSPACE/Obstacle_DetectionV0/lang/dcc\\Obstacle_DetectionV0\\ending\\CF[C3+PRE_CRC].hex', '-i', 'C:/CSSP/CSSP_WORKSPACE/Obstacle_DetectionV0/lang/dcc\\Obstacle_DetectionV0\\ending\\C3[C1+C2].hex', 'C:/CSSP/CSSP_WORKSPACE/Obstacle_DetectionV0/lang/dcc\\Obstacle_DetectionV0\\ending\\PRE_CRC.hex']
ClearSy - ConcateneurNonGui v3.1
Warning presence d'une ligne vide dans le fichier C:/CSSP/CSSP_WORKSPACE/Obstacle_DetectionV0/lang/dcc\Obstacle_DetectionV0\ending\PRE_CRC.hex
Export reussi
Fichiers utilises : 
    - fichiers Hex :
C:/CSSP/CSSP_WORKSPACE/Obstacle_DetectionV0/lang/dcc\Obstacle_DetectionV0\ending\C3[C1+C2].hex
C:/CSSP/CSSP_WORKSPACE/Obstacle_DetectionV0/lang/dcc\Obstacle_DetectionV0\ending\PRE_CRC.hex
    -fichier genere
C:/CSSP/CSSP_WORKSPACE/Obstacle_DetectionV0/lang/dcc\Obstacle_DetectionV0\ending\CF[C3+PRE_CRC].hex

Copy final hex from C:/CSSP/CSSP_WORKSPACE/Obstacle_DetectionV0/lang/dcc\Obstacle_DetectionV0\ending\CF[C3+PRE_CRC].hex to C:/CSSP/CSSP_WORKSPACE/Obstacle_DetectionV0/lang/dcc\Obstacle_DetectionV0\Obstacle_DetectionV0_final.hex
