---------------------------------------
 DCC v0.0, ClearSy 2017

 Configuration from user arguments
---------------------------------------
step                   | c2hex
release_mode           | ReleaseMode.SAFETY
platform               | win32
install_dir            | C:\CSSP\Atelier_B_cssp_4.6.0-rc7\dcc_package_win
build_dir              | C:\CSSP\CSSP_WORKSPACE\AlphaAlgo_v01\lang\dcc
compile_mode           | CompilationMode.USER
ending_mode            | EndingMode.LCHIP
debug_mode             | False
lite_mode              | False
project_name           | AlphaAlgo_v01
build_project_dir      | C:\CSSP\CSSP_WORKSPACE\AlphaAlgo_v01\lang\dcc\AlphaAlgo_v01
kernel_archive         | C:\CSSP\Atelier_B_cssp_4.6.0-rc7\extensions\LCHIP_generic_795L_multi_kernel_kernel_archive.zip
tools_dir              | C:\CSSP\Atelier_B_cssp_4.6.0-rc7\dcc_package_win\tools_win
tools_cfg              | C:\CSSP\Atelier_B_cssp_4.6.0-rc7\dcc_package_win\tools.cfg
config_dir             | C:\CSSP\Atelier_B_cssp_4.6.0-rc7\extensions\lchip_user_src\cfg
resources_dir          | C:\CSSP\Atelier_B_cssp_4.6.0-rc7\extensions\lchip_user_src\resources
c_src_dir              | C:\CSSP\Atelier_B_cssp_4.6.0-rc7\extensions\lchip_user_src\src
b_bdp_dir              | C:\CSSP\CSSP_WORKSPACE\AlphaAlgo_v01\bdp
b_db                   | C:\CSSP\CSSP_WORKSPACE\AlphaAlgo_v01\bdp\AlphaAlgo_v01.db
parrallel_build_tasks  | 1
compiler               | C:\CSSP\Atelier_B_cssp_4.6.0-rc7\dcc_package_win\tools_win\c2hex\pic32-tools\bin\pic32-gcc.exe
read_elf               | C:\CSSP\Atelier_B_cssp_4.6.0-rc7\dcc_package_win\tools_win\c2hex\pic32-tools\bin\pic32-readelf.exe
bin2hex                | C:\CSSP\Atelier_B_cssp_4.6.0-rc7\dcc_package_win\tools_win\c2hex\pic32-tools\bin\pic32-bin2hex.exe
c_compiler_options     | False
use_bootloader         | False
generate_mips_assembly | False
Output hex file        | C:\CSSP\CSSP_WORKSPACE\AlphaAlgo_v01\lang\dcc\AlphaAlgo_v01\AlphaAlgo_v01_final.hex

 Configuration tools configuration file
---------------------------------------
bxml                  | C:\CSSP\Atelier_B_cssp_4.6.0-rc7\dcc_package_win\tools_win\bin\bxml.exe
c4b                   | C:\CSSP\Atelier_B_cssp_4.6.0-rc7\dcc_package_win\tools_win\bin\b2c.exe
concateneur           | C:\CSSP\Atelier_B_cssp_4.6.0-rc7\dcc_package_win\tools_win\bin\Concateneur_non_gui.exe
checksummer_debarque  | C:\CSSP\Atelier_B_cssp_4.6.0-rc7\dcc_package_win\tools_win\bin\ChecksummerDebarque.exe
checksummer_total     | C:\CSSP\Atelier_B_cssp_4.6.0-rc7\dcc_package_win\tools_win\bin\CheckSummerTotalNonGui.exe
mapping_b32_gen       | C:\CSSP\Atelier_B_cssp_4.6.0-rc7\dcc_package_win\tools_win\bin\mapping_b32_gen.exe
link_to_replicas_gen  | C:\CSSP\Atelier_B_cssp_4.6.0-rc7\dcc_package_win\tools_win\bin\link_to_replicas_gen.exe
info_memory_usage     | C:\CSSP\Atelier_B_cssp_4.6.0-rc7\dcc_package_win\tools_win\bin\info_memory_usage.exe
include_constants_gen | C:\CSSP\Atelier_B_cssp_4.6.0-rc7\dcc_package_win\tools_win\bin\include_constants_gen.exe
model_data_group_gen  | C:\CSSP\Atelier_B_cssp_4.6.0-rc7\dcc_package_win\tools_win\bin\model_data_group_gen.exe
pic32ubl              | C:\CSSP\Atelier_B_cssp_4.6.0-rc7\dcc_package_win\tools_win\bin\LCHIP_uploader.exe

 Configuration project configuration file
---------------------------------------
COMPILATION_MODE                | USER
ENDING_MODE                     | LCHIP
MCU                             | 32MX795F512L
INCLUDE_CONSTANTS_PATH          | replica_2\include_constants.h
C4B_OUTPUT_PATH                 | replica_2
LINKER_SCRIPT                   | LinkerScript.ld
PROGRAM_MEM                     | ORIGIN = 0x9D000000, LENGTH = 0x80000
PROGRAM_DATA                    | ORIGIN = 0xA0000000, LENGTH = 0x20000
BOOTLOADER_AREA                 | ORIGIN = 0x1FC00000, LENGTH = 0x3000
[_SYSTEM_RESERVED_FLASH_LENGTH] | 0x15000
[_SYSTEM_RESERVED_RAM_LENGTH]   | 0x8000
[_PRECOMPUTED_CRC_SPACE]        | 0x1000
[_PRECOMPUTED_CRC_LENGTH]       | 0x1000
C_COMPILER                      | pic32
C_COMPILER_OPT                  | -D _DISABLE_OPENADC10_CONFIGPORT_WARNING -D _SUPPRESS_PLIB_WARNING
R1_CHK_VAR_SECTION              | .R1_CHK_VAR
R1_NCHK_VAR_SECTION             | .R1_NCHK_VAR
R1_FN_SECTION                   | .R1_FN
SYMBOL_REGEX                    | ^safety_variables__initialisation$
STRUCT_GLOBAL_CONSTANTS         | global_constants
STRUCT_SAFETY_VARIABLES_SIZE    | struct_safety_variables_size_minus_1
STRUCT_SAFETY_VARIABLES_ARRAY   | safety_variables_array
LINK_TO_KERNEL_REGEX            | ^.*$
LINK_TO_KERNEL_ADDR_PATH        | kernel_app\link_to_kernel_addr.h
NON_APP_SECTION_REGEX           | ^\.(USER_INFO|TEST_FLASH|SAFETY_SPACE_CRC|CRC|NR_NS_FN_NO_CACHE|R[12]?_U_\w+)$
FREE_FLASH_SECTION              | .FREE_FLASH_SPACE
FREE_RAM_SECTION                | .FREE_RAM_SPACE



 -------------------------------- 
|     I - Second C toolchain     |
 -------------------------------- 

1.1) C toolchain initialization
-----------------------------------
src_dir : C:/CSSP/CSSP_WORKSPACE/AlphaAlgo_v01/lang/dcc\AlphaAlgo_v01\c_toolchain_2\sources
build_dir : C:/CSSP/CSSP_WORKSPACE/AlphaAlgo_v01/lang/dcc\AlphaAlgo_v01\c_toolchain_2\build
release_dir : C:/CSSP/CSSP_WORKSPACE/AlphaAlgo_v01/lang/dcc\AlphaAlgo_v01\c_toolchain_2\release
linker_script_origin_path : C:/CSSP/Atelier_B_cssp_4.6.0-rc7/extensions/lchip_user_src/src\LinkerScript.ld
linker_script_path : C:/CSSP/CSSP_WORKSPACE/AlphaAlgo_v01/lang/dcc\AlphaAlgo_v01\c_toolchain_2\sources\LinkerScript.ld

1.2) Generate map file
--------------------------
Launch [Info memory usage] : ['C:\\CSSP\\Atelier_B_cssp_4.6.0-rc7\\dcc_package_win\\tools_win\\bin\\info_memory_usage.exe', 'C:/CSSP/CSSP_WORKSPACE/AlphaAlgo_v01/lang/dcc\\AlphaAlgo_v01\\cfg\\config.cfg', 'C:\\CSSP\\Atelier_B_cssp_4.6.0-rc7\\dcc_package_win\\tools_win\\c2hex\\pic32-tools\\bin\\pic32-readelf.exe', 'C:/CSSP/CSSP_WORKSPACE/AlphaAlgo_v01/lang/dcc\\AlphaAlgo_v01\\c_toolchain_1\\release\\c_toolchain_1.elf', 'C:/CSSP/CSSP_WORKSPACE/AlphaAlgo_v01/lang/dcc\\AlphaAlgo_v01\\b_toolchain\\b32_release\\b32_toolchain.output_mapping', '-map', 'C:/CSSP/CSSP_WORKSPACE/AlphaAlgo_v01/lang/dcc\\AlphaAlgo_v01\\c_toolchain_2\\sources\\prev_gen.map']
Warning, ignored mapping line in C:/CSSP/CSSP_WORKSPACE/AlphaAlgo_v01/lang/dcc\AlphaAlgo_v01\c_toolchain_2\sources\prev_gen.map : # Autogenerated file on Mon Apr 15 10:30:27 2024
Mapping file C:/CSSP/CSSP_WORKSPACE/AlphaAlgo_v01/lang/dcc\AlphaAlgo_v01\c_toolchain_2\sources\prev_gen.map successfully loaded
Warning, ignored mapping line in C:/CSSP/CSSP_WORKSPACE/AlphaAlgo_v01/lang/dcc\AlphaAlgo_v01\c_toolchain_2\sources\prev_gen.map : # Autogenerated file on Mon Apr 15 10:30:27 2024
Mapping file C:/CSSP/CSSP_WORKSPACE/AlphaAlgo_v01/lang/dcc\AlphaAlgo_v01\c_toolchain_2\sources\prev_gen.map successfully loaded
C:/CSSP/CSSP_WORKSPACE/AlphaAlgo_v01/lang/dcc\AlphaAlgo_v01\c_toolchain_2\sources\prev_gen.map successfully generated

1.3) Re-update Linker_Script
--------------------------------
Linker edit map :
[_SYSTEM_RESERVED_FLASH_LENGTH]                  | 0x15000
[_SYSTEM_RESERVED_RAM_LENGTH]                    | 0x8000
[_PRECOMPUTED_CRC_SPACE]                         | 0x1000
[_PRECOMPUTED_CRC_LENGTH]                        | 0x1000
[_APP_PROGRAM_MEM_ORIGIN]                        | 0x9d01b49c
[_APP_PROGRAM_MEM_LENGTH]                        | 404324
[_APP_DATA_MEM_ORIGIN]                           | 0xa00083fc
[_APP_DATA_MEM_LENGTH]                           | 97284
[&g_operators__initialisation]                   | 0x9d01043c
[&g_standard_types__initialisation]              | 0x9d01045c
[&IO_ON]                                         | 0x9d0123cf
[&IO_OFF]                                        | 0x9d0123d0
[&user_struct_safety_variables_size_minus_1]     | 0x9d0123e4
[&ru_c__module_secu_ids_ptr]                     | 0x9d0123e8
[&ru_c__module_nb_inputs_ptr]                    | 0x9d0123ec
[&ru_c__module_nb_outputs_ptr]                   | 0x9d0123f0
[&ru_c__input_module_ids_ptr]                    | 0x9d0123f4
[&ru_c__input_local_ids_ptr]                     | 0x9d0123f8
[&ru_c__output_module_ids_ptr]                   | 0x9d0123fc
[&ru_c__output_local_ids_ptr]                    | 0x9d012400
[&ru_c__NB_MODULES_ptr]                          | 0x9d012404
[&ru_c__NB_INPUTS_ptr]                           | 0x9d012408
[&ru_c__NB_OUTPUTS_ptr]                          | 0x9d01240c
[&r2__user_configuration__initialisation_ptr]    | 0x9d012428
[&r2__user_safety_variables__initialisation_ptr] | 0x9d01242c
[&r2__user_safety_variables_array_ptr]           | 0x9d012430
[&r2__user_component__initialisation_ptr]        | 0x9d012434
[&r2__user_app_ptr]                              | 0x9d012438
[&r2__user_consistency_error_detection_test_ptr] | 0x9d01243c
[&io_constants__initialisation]                  | 0x9d013d74
[&get_ms_tick]                                   | 0x9d014080
[&read_global_input]                             | 0x9d0140b8
[&write_global_output]                           | 0x9d014100
[&print_uint8]                                   | 0x9d014150
[_R1_FN_ADJUST]                                  | 0x5e7c0
LinkerScript updated

1.4) C compilation
----------------------
Rewriting built objects dependencies from first C compilation

make            | C:\CSSP\Atelier_B_cssp_4.6.0-rc7\dcc_package_win\tools_win\c2hex\make\mingw32-make.exe
picFlag         | -mprocessor=32MX795F512L
compiler_path   | C:\CSSP\Atelier_B_cssp_4.6.0-rc7\dcc_package_win\tools_win\c2hex\pic32-tools\bin\pic32-gcc.exe
bin2hex_path    | C:\CSSP\Atelier_B_cssp_4.6.0-rc7\dcc_package_win\tools_win\c2hex\pic32-tools\bin\pic32-bin2hex.exe
linkerScript    | C:/CSSP/CSSP_WORKSPACE/AlphaAlgo_v01/lang/dcc\AlphaAlgo_v01\c_toolchain_2\sources\LinkerScript.ld
project         | c_toolchain_2
sources         | C:/CSSP/CSSP_WORKSPACE/AlphaAlgo_v01/lang/dcc\AlphaAlgo_v01\c_toolchain_2\sources
build           | C:/CSSP/CSSP_WORKSPACE/AlphaAlgo_v01/lang/dcc\AlphaAlgo_v01\c_toolchain_2\build
release         | C:/CSSP/CSSP_WORKSPACE/AlphaAlgo_v01/lang/dcc\AlphaAlgo_v01\c_toolchain_2\release
parallel_build  | 1
compiler_opt    | -D _DISABLE_OPENADC10_CONFIGPORT_WARNING -D _SUPPRESS_PLIB_WARNING
no_startup_code | True

Launch [c2hex] : ['C:\\CSSP\\Atelier_B_cssp_4.6.0-rc7\\dcc_package_win\\tools_win\\c2hex\\make\\mingw32-make.exe', '-f', 'C:/CSSP/CSSP_WORKSPACE/AlphaAlgo_v01/lang/dcc\\AlphaAlgo_v01\\c_toolchain_2\\sources\\makefile', '-j1']
"C:\CSSP\Atelier_B_cssp_4.6.0-rc7\dcc_package_win\tools_win\c2hex\pic32-tools\bin\pic32-gcc.exe" -mprocessor=32MX795F512L -nostartfiles -o "C:/CSSP/CSSP_WORKSPACE/AlphaAlgo_v01/lang/dcc\AlphaAlgo_v01\c_toolchain_2\release/c_toolchain_2.elf" "C:/CSSP/CSSP_WORKSPACE/AlphaAlgo_v01/lang/dcc\AlphaAlgo_v01\c_toolchain_2\build\kernel_app\link_to_kernel.o" "C:/CSSP/CSSP_WORKSPACE/AlphaAlgo_v01/lang/dcc\AlphaAlgo_v01\c_toolchain_2\build\non_replicated\safety_variables.o" "C:/CSSP/CSSP_WORKSPACE/AlphaAlgo_v01/lang/dcc\AlphaAlgo_v01\c_toolchain_2\build\replica_2\c4b_constants.o" "C:/CSSP/CSSP_WORKSPACE/AlphaAlgo_v01/lang/dcc\AlphaAlgo_v01\c_toolchain_2\build\replica_2\c4b_no_checked_variables.o" "C:/CSSP/CSSP_WORKSPACE/AlphaAlgo_v01/lang/dcc\AlphaAlgo_v01\c_toolchain_2\build\replica_2\c4b_safety_variables.o" "C:/CSSP/CSSP_WORKSPACE/AlphaAlgo_v01/lang/dcc\AlphaAlgo_v01\c_toolchain_2\build\replica_2\g_types_i.o" "C:/CSSP/CSSP_WORKSPACE/AlphaAlgo_v01/lang/dcc\AlphaAlgo_v01\c_toolchain_2\build\replica_2\inputs_i.o" "C:/CSSP/CSSP_WORKSPACE/AlphaAlgo_v01/lang/dcc\AlphaAlgo_v01\c_toolchain_2\build\replica_2\logic_i.o" "C:/CSSP/CSSP_WORKSPACE/AlphaAlgo_v01/lang/dcc\AlphaAlgo_v01\c_toolchain_2\build\replica_2\outputs_i.o" "C:/CSSP/CSSP_WORKSPACE/AlphaAlgo_v01/lang/dcc\AlphaAlgo_v01\c_toolchain_2\build\replica_2\user_component_i.o" "C:/CSSP/CSSP_WORKSPACE/AlphaAlgo_v01/lang/dcc\AlphaAlgo_v01\c_toolchain_2\build\replica_2\user_configuration_i.o" "C:/CSSP/CSSP_WORKSPACE/AlphaAlgo_v01/lang/dcc\AlphaAlgo_v01\c_toolchain_2\build\replica_2\user_ctx_i.o" "-Wl,--defsym=__MPLAB_BUILD=1,--defsym=_min_heap_size=0,--script=C:/CSSP/CSSP_WORKSPACE/AlphaAlgo_v01/lang/dcc\AlphaAlgo_v01\c_toolchain_2\sources\LinkerScript.ld,-Map=C:/CSSP/CSSP_WORKSPACE/AlphaAlgo_v01/lang/dcc\AlphaAlgo_v01\c_toolchain_2\release/c_toolchain_2.map"
"C:\CSSP\Atelier_B_cssp_4.6.0-rc7\dcc_package_win\tools_win\c2hex\pic32-tools\bin\pic32-bin2hex.exe" "C:/CSSP/CSSP_WORKSPACE/AlphaAlgo_v01/lang/dcc\AlphaAlgo_v01\c_toolchain_2\release/c_toolchain_2.elf"
