---------------------------------------
 DCC v0.0, ClearSy 2017

 Configuration from user arguments
---------------------------------------
step                   | b32
release_mode           | ReleaseMode.SAFETY
platform               | win32
install_dir            | C:\CSSP\Atelier_B_cssp_4.6.0-rc7\dcc_package_win
build_dir              | C:\CSSP\CSSP_WORKSPACE\CSSP\lang\dcc
compile_mode           | CompilationMode.USER
ending_mode            | EndingMode.LCHIP
debug_mode             | False
lite_mode              | False
project_name           | CSSP
build_project_dir      | C:\CSSP\CSSP_WORKSPACE\CSSP\lang\dcc\CSSP
kernel_archive         | C:\CSSP\Atelier_B_cssp_4.6.0-rc7\extensions\lchip_795L_multi_kernel_kernel_archive.zip
tools_dir              | C:\CSSP\Atelier_B_cssp_4.6.0-rc7\dcc_package_win\tools_win
tools_cfg              | C:\CSSP\Atelier_B_cssp_4.6.0-rc7\dcc_package_win\tools.cfg
config_dir             | C:\CSSP\Atelier_B_cssp_4.6.0-rc7\extensions\lchip_user_src\cfg
resources_dir          | C:\CSSP\Atelier_B_cssp_4.6.0-rc7\extensions\lchip_user_src\resources
c_src_dir              | C:\CSSP\Atelier_B_cssp_4.6.0-rc7\extensions\lchip_user_src\src
b_bdp_dir              | C:\CSSP\CSSP_WORKSPACE\CSSP\bdp
b_db                   | C:\CSSP\CSSP_WORKSPACE\CSSP\bdp\CSSP.db
parrallel_build_tasks  | 1
compiler               | C:\CSSP\Atelier_B_cssp_4.6.0-rc7\dcc_package_win\tools_win\c2hex\pic32-tools\bin\pic32-gcc.exe
read_elf               | C:\CSSP\Atelier_B_cssp_4.6.0-rc7\dcc_package_win\tools_win\c2hex\pic32-tools\bin\pic32-readelf.exe
bin2hex                | C:\CSSP\Atelier_B_cssp_4.6.0-rc7\dcc_package_win\tools_win\c2hex\pic32-tools\bin\pic32-bin2hex.exe
c_compiler_options     | False
use_bootloader         | False
generate_mips_assembly | False
Output hex file        | C:\CSSP\CSSP_WORKSPACE\CSSP\lang\dcc\CSSP\CSSP_final.hex

 Configuration tools configuration file
---------------------------------------
bxml                  | C:\CSSP\Atelier_B_cssp_4.6.0-rc7\dcc_package_win\tools_win\bin\bxml.exe
c4b                   | C:\CSSP\Atelier_B_cssp_4.6.0-rc7\dcc_package_win\tools_win\bin\b2c.exe
concateneur           | C:\CSSP\Atelier_B_cssp_4.6.0-rc7\dcc_package_win\tools_win\bin\Concateneur_non_gui.exe
checksummer_debarque  | C:\CSSP\Atelier_B_cssp_4.6.0-rc7\dcc_package_win\tools_win\bin\ChecksummerDebarque.exe
checksummer_total     | C:\CSSP\Atelier_B_cssp_4.6.0-rc7\dcc_package_win\tools_win\bin\CheckSummerTotalNonGui.exe
mapping_b32_gen       | C:\CSSP\Atelier_B_cssp_4.6.0-rc7\dcc_package_win\tools_win\bin\mapping_b32_gen.exe
link_to_replicas_gen  | C:\CSSP\Atelier_B_cssp_4.6.0-rc7\dcc_package_win\tools_win\bin\link_to_replicas_gen.exe
info_memory_usage     | C:\CSSP\Atelier_B_cssp_4.6.0-rc7\dcc_package_win\tools_win\bin\info_memory_usage.exe
include_constants_gen | C:\CSSP\Atelier_B_cssp_4.6.0-rc7\dcc_package_win\tools_win\bin\include_constants_gen.exe
model_data_group_gen  | C:\CSSP\Atelier_B_cssp_4.6.0-rc7\dcc_package_win\tools_win\bin\model_data_group_gen.exe
pic32ubl              | C:\CSSP\Atelier_B_cssp_4.6.0-rc7\dcc_package_win\tools_win\bin\LCHIP_uploader.exe

 Configuration project configuration file
---------------------------------------
COMPILATION_MODE                | USER
ENDING_MODE                     | LCHIP
MCU                             | 32MX795F512L
INCLUDE_CONSTANTS_PATH          | replica_2\include_constants.h
C4B_OUTPUT_PATH                 | replica_2
LINKER_SCRIPT                   | LinkerScript.ld
PROGRAM_MEM                     | ORIGIN = 0x9D000000, LENGTH = 0x80000
PROGRAM_DATA                    | ORIGIN = 0xA0000000, LENGTH = 0x20000
BOOTLOADER_AREA                 | ORIGIN = 0x1FC00000, LENGTH = 0x3000
[_SYSTEM_RESERVED_FLASH_LENGTH] | 0x15000
[_SYSTEM_RESERVED_RAM_LENGTH]   | 0x8000
[_PRECOMPUTED_CRC_SPACE]        | 0x1000
[_PRECOMPUTED_CRC_LENGTH]       | 0x1000
C_COMPILER                      | pic32
C_COMPILER_OPT                  | -D _DISABLE_OPENADC10_CONFIGPORT_WARNING -D _SUPPRESS_PLIB_WARNING
R1_CHK_VAR_SECTION              | .R1_CHK_VAR
R1_NCHK_VAR_SECTION             | .R1_NCHK_VAR
R1_FN_SECTION                   | .R1_FN
SYMBOL_REGEX                    | ^safety_variables__initialisation$
STRUCT_GLOBAL_CONSTANTS         | global_constants
STRUCT_SAFETY_VARIABLES_SIZE    | struct_safety_variables_size_minus_1
STRUCT_SAFETY_VARIABLES_ARRAY   | safety_variables_array
LINK_TO_KERNEL_REGEX            | ^.*$
LINK_TO_KERNEL_ADDR_PATH        | kernel_app\link_to_kernel_addr.h
NON_APP_SECTION_REGEX           | ^\.(USER_INFO|TEST_FLASH|SAFETY_SPACE_CRC|CRC|NR_NS_FN_NO_CACHE|R[12]?_U_\w+)$
FREE_FLASH_SECTION              | .FREE_FLASH_SPACE
FREE_RAM_SECTION                | .FREE_RAM_SPACE



 --------------------------- 
|     I - B32 toolchain     |
 --------------------------- 

1.1) BXML
-------------
Parallel launch : [BXML], 21 tasks, by 1
Launch [BXML  1/21] : ['C:\\CSSP\\Atelier_B_cssp_4.6.0-rc7\\dcc_package_win\\tools_win\\bin\\bxml.exe', '-c', '-p', 'C:\\CSSP\\CSSP_WORKSPACE\\CSSP\\bdp\\..\\\\bdp\\CSSP.db', '-r', 'C:\\CSSP\\CSSP_WORKSPACE\\CSSP\\bdp\\..\\\\bdp\\AtelierB', '-P', '-O', 'C:\\CSSP\\CSSP_WORKSPACE\\CSSP\\bdp\\..\\\\lang\\dcc\\CSSP\\b_toolchain\\bxml', 'g_operators.mch']
Launch [BXML  2/21] : ['C:\\CSSP\\Atelier_B_cssp_4.6.0-rc7\\dcc_package_win\\tools_win\\bin\\bxml.exe', '-c', '-p', 'C:\\CSSP\\CSSP_WORKSPACE\\CSSP\\bdp\\..\\\\bdp\\CSSP.db', '-r', 'C:\\CSSP\\CSSP_WORKSPACE\\CSSP\\bdp\\..\\\\bdp\\AtelierB', '-P', '-O', 'C:\\CSSP\\CSSP_WORKSPACE\\CSSP\\bdp\\..\\\\lang\\dcc\\CSSP\\b_toolchain\\bxml', 'g_standard_types.mch']
Launch [BXML  3/21] : ['C:\\CSSP\\Atelier_B_cssp_4.6.0-rc7\\dcc_package_win\\tools_win\\bin\\bxml.exe', '-c', '-p', 'C:\\CSSP\\CSSP_WORKSPACE\\CSSP\\bdp\\..\\\\bdp\\CSSP.db', '-r', 'C:\\CSSP\\CSSP_WORKSPACE\\CSSP\\bdp\\..\\\\bdp\\AtelierB', '-P', '-O', 'C:\\CSSP\\CSSP_WORKSPACE\\CSSP\\bdp\\..\\\\lang\\dcc\\CSSP\\b_toolchain\\bxml', 'g_types.mch']
Launch [BXML  4/21] : ['C:\\CSSP\\Atelier_B_cssp_4.6.0-rc7\\dcc_package_win\\tools_win\\bin\\bxml.exe', '-c', '-p', 'C:\\CSSP\\CSSP_WORKSPACE\\CSSP\\bdp\\..\\\\bdp\\CSSP.db', '-r', 'C:\\CSSP\\CSSP_WORKSPACE\\CSSP\\bdp\\..\\\\bdp\\AtelierB', '-P', '-O', 'C:\\CSSP\\CSSP_WORKSPACE\\CSSP\\bdp\\..\\\\lang\\dcc\\CSSP\\b_toolchain\\bxml', 'g_types_i.imp']
Launch [BXML  5/21] : ['C:\\CSSP\\Atelier_B_cssp_4.6.0-rc7\\dcc_package_win\\tools_win\\bin\\bxml.exe', '-c', '-p', 'C:\\CSSP\\CSSP_WORKSPACE\\CSSP\\bdp\\..\\\\bdp\\CSSP.db', '-r', 'C:\\CSSP\\CSSP_WORKSPACE\\CSSP\\bdp\\..\\\\bdp\\AtelierB', '-P', '-O', 'C:\\CSSP\\CSSP_WORKSPACE\\CSSP\\bdp\\..\\\\lang\\dcc\\CSSP\\b_toolchain\\bxml', 'inputs.mch']
Launch [BXML  6/21] : ['C:\\CSSP\\Atelier_B_cssp_4.6.0-rc7\\dcc_package_win\\tools_win\\bin\\bxml.exe', '-c', '-p', 'C:\\CSSP\\CSSP_WORKSPACE\\CSSP\\bdp\\..\\\\bdp\\CSSP.db', '-r', 'C:\\CSSP\\CSSP_WORKSPACE\\CSSP\\bdp\\..\\\\bdp\\AtelierB', '-P', '-O', 'C:\\CSSP\\CSSP_WORKSPACE\\CSSP\\bdp\\..\\\\lang\\dcc\\CSSP\\b_toolchain\\bxml', 'inputs_i.imp']
Launch [BXML  7/21] : ['C:\\CSSP\\Atelier_B_cssp_4.6.0-rc7\\dcc_package_win\\tools_win\\bin\\bxml.exe', '-c', '-p', 'C:\\CSSP\\CSSP_WORKSPACE\\CSSP\\bdp\\..\\\\bdp\\CSSP.db', '-r', 'C:\\CSSP\\CSSP_WORKSPACE\\CSSP\\bdp\\..\\\\bdp\\AtelierB', '-P', '-O', 'C:\\CSSP\\CSSP_WORKSPACE\\CSSP\\bdp\\..\\\\lang\\dcc\\CSSP\\b_toolchain\\bxml', 'io_constants.mch']
Launch [BXML  8/21] : ['C:\\CSSP\\Atelier_B_cssp_4.6.0-rc7\\dcc_package_win\\tools_win\\bin\\bxml.exe', '-c', '-p', 'C:\\CSSP\\CSSP_WORKSPACE\\CSSP\\bdp\\..\\\\bdp\\CSSP.db', '-r', 'C:\\CSSP\\CSSP_WORKSPACE\\CSSP\\bdp\\..\\\\bdp\\AtelierB', '-P', '-O', 'C:\\CSSP\\CSSP_WORKSPACE\\CSSP\\bdp\\..\\\\lang\\dcc\\CSSP\\b_toolchain\\bxml', 'lchip_configuration.mch']
Launch [BXML  9/21] : ['C:\\CSSP\\Atelier_B_cssp_4.6.0-rc7\\dcc_package_win\\tools_win\\bin\\bxml.exe', '-c', '-p', 'C:\\CSSP\\CSSP_WORKSPACE\\CSSP\\bdp\\..\\\\bdp\\CSSP.db', '-r', 'C:\\CSSP\\CSSP_WORKSPACE\\CSSP\\bdp\\..\\\\bdp\\AtelierB', '-P', '-O', 'C:\\CSSP\\CSSP_WORKSPACE\\CSSP\\bdp\\..\\\\lang\\dcc\\CSSP\\b_toolchain\\bxml', 'lchip_interface.mch']
Launch [BXML 10/21] : ['C:\\CSSP\\Atelier_B_cssp_4.6.0-rc7\\dcc_package_win\\tools_win\\bin\\bxml.exe', '-c', '-p', 'C:\\CSSP\\CSSP_WORKSPACE\\CSSP\\bdp\\..\\\\bdp\\CSSP.db', '-r', 'C:\\CSSP\\CSSP_WORKSPACE\\CSSP\\bdp\\..\\\\bdp\\AtelierB', '-P', '-O', 'C:\\CSSP\\CSSP_WORKSPACE\\CSSP\\bdp\\..\\\\lang\\dcc\\CSSP\\b_toolchain\\bxml', 'logic.mch']
Launch [BXML 11/21] : ['C:\\CSSP\\Atelier_B_cssp_4.6.0-rc7\\dcc_package_win\\tools_win\\bin\\bxml.exe', '-c', '-p', 'C:\\CSSP\\CSSP_WORKSPACE\\CSSP\\bdp\\..\\\\bdp\\CSSP.db', '-r', 'C:\\CSSP\\CSSP_WORKSPACE\\CSSP\\bdp\\..\\\\bdp\\AtelierB', '-P', '-O', 'C:\\CSSP\\CSSP_WORKSPACE\\CSSP\\bdp\\..\\\\lang\\dcc\\CSSP\\b_toolchain\\bxml', 'logic_i.imp']
Launch [BXML 12/21] : ['C:\\CSSP\\Atelier_B_cssp_4.6.0-rc7\\dcc_package_win\\tools_win\\bin\\bxml.exe', '-c', '-p', 'C:\\CSSP\\CSSP_WORKSPACE\\CSSP\\bdp\\..\\\\bdp\\CSSP.db', '-r', 'C:\\CSSP\\CSSP_WORKSPACE\\CSSP\\bdp\\..\\\\bdp\\AtelierB', '-P', '-O', 'C:\\CSSP\\CSSP_WORKSPACE\\CSSP\\bdp\\..\\\\lang\\dcc\\CSSP\\b_toolchain\\bxml', 'outputs.mch']
Launch [BXML 13/21] : ['C:\\CSSP\\Atelier_B_cssp_4.6.0-rc7\\dcc_package_win\\tools_win\\bin\\bxml.exe', '-c', '-p', 'C:\\CSSP\\CSSP_WORKSPACE\\CSSP\\bdp\\..\\\\bdp\\CSSP.db', '-r', 'C:\\CSSP\\CSSP_WORKSPACE\\CSSP\\bdp\\..\\\\bdp\\AtelierB', '-P', '-O', 'C:\\CSSP\\CSSP_WORKSPACE\\CSSP\\bdp\\..\\\\lang\\dcc\\CSSP\\b_toolchain\\bxml', 'outputs_i.imp']
Launch [BXML 14/21] : ['C:\\CSSP\\Atelier_B_cssp_4.6.0-rc7\\dcc_package_win\\tools_win\\bin\\bxml.exe', '-c', '-p', 'C:\\CSSP\\CSSP_WORKSPACE\\CSSP\\bdp\\..\\\\bdp\\CSSP.db', '-r', 'C:\\CSSP\\CSSP_WORKSPACE\\CSSP\\bdp\\..\\\\bdp\\AtelierB', '-P', '-O', 'C:\\CSSP\\CSSP_WORKSPACE\\CSSP\\bdp\\..\\\\lang\\dcc\\CSSP\\b_toolchain\\bxml', 'safety_variables.mch']
Launch [BXML 15/21] : ['C:\\CSSP\\Atelier_B_cssp_4.6.0-rc7\\dcc_package_win\\tools_win\\bin\\bxml.exe', '-c', '-p', 'C:\\CSSP\\CSSP_WORKSPACE\\CSSP\\bdp\\..\\\\bdp\\CSSP.db', '-r', 'C:\\CSSP\\CSSP_WORKSPACE\\CSSP\\bdp\\..\\\\bdp\\AtelierB', '-P', '-O', 'C:\\CSSP\\CSSP_WORKSPACE\\CSSP\\bdp\\..\\\\lang\\dcc\\CSSP\\b_toolchain\\bxml', 'TLCom.mch']
error: TLCom.mch:10,5:Invalid token : 'SIGNALS' is not a valid machine clause

[err] ERROR - BXML 15/21 process stopped with return code 1
[err] 
Launch [BXML 16/21] : ['C:\\CSSP\\Atelier_B_cssp_4.6.0-rc7\\dcc_package_win\\tools_win\\bin\\bxml.exe', '-c', '-p', 'C:\\CSSP\\CSSP_WORKSPACE\\CSSP\\bdp\\..\\\\bdp\\CSSP.db', '-r', 'C:\\CSSP\\CSSP_WORKSPACE\\CSSP\\bdp\\..\\\\bdp\\AtelierB', '-P', '-O', 'C:\\CSSP\\CSSP_WORKSPACE\\CSSP\\bdp\\..\\\\lang\\dcc\\CSSP\\b_toolchain\\bxml', 'user_component.mch']
ERROR - BXML 15/21 process stopped with return code 1

Launch [BXML 17/21] : ['C:\\CSSP\\Atelier_B_cssp_4.6.0-rc7\\dcc_package_win\\tools_win\\bin\\bxml.exe', '-c', '-p', 'C:\\CSSP\\CSSP_WORKSPACE\\CSSP\\bdp\\..\\\\bdp\\CSSP.db', '-r', 'C:\\CSSP\\CSSP_WORKSPACE\\CSSP\\bdp\\..\\\\bdp\\AtelierB', '-P', '-O', 'C:\\CSSP\\CSSP_WORKSPACE\\CSSP\\bdp\\..\\\\lang\\dcc\\CSSP\\b_toolchain\\bxml', 'user_component_i.imp']
Launch [BXML 18/21] : ['C:\\CSSP\\Atelier_B_cssp_4.6.0-rc7\\dcc_package_win\\tools_win\\bin\\bxml.exe', '-c', '-p', 'C:\\CSSP\\CSSP_WORKSPACE\\CSSP\\bdp\\..\\\\bdp\\CSSP.db', '-r', 'C:\\CSSP\\CSSP_WORKSPACE\\CSSP\\bdp\\..\\\\bdp\\AtelierB', '-P', '-O', 'C:\\CSSP\\CSSP_WORKSPACE\\CSSP\\bdp\\..\\\\lang\\dcc\\CSSP\\b_toolchain\\bxml', 'user_configuration.mch']
Launch [BXML 19/21] : ['C:\\CSSP\\Atelier_B_cssp_4.6.0-rc7\\dcc_package_win\\tools_win\\bin\\bxml.exe', '-c', '-p', 'C:\\CSSP\\CSSP_WORKSPACE\\CSSP\\bdp\\..\\\\bdp\\CSSP.db', '-r', 'C:\\CSSP\\CSSP_WORKSPACE\\CSSP\\bdp\\..\\\\bdp\\AtelierB', '-P', '-O', 'C:\\CSSP\\CSSP_WORKSPACE\\CSSP\\bdp\\..\\\\lang\\dcc\\CSSP\\b_toolchain\\bxml', 'user_configuration_i.imp']
Launch [BXML 20/21] : ['C:\\CSSP\\Atelier_B_cssp_4.6.0-rc7\\dcc_package_win\\tools_win\\bin\\bxml.exe', '-c', '-p', 'C:\\CSSP\\CSSP_WORKSPACE\\CSSP\\bdp\\..\\\\bdp\\CSSP.db', '-r', 'C:\\CSSP\\CSSP_WORKSPACE\\CSSP\\bdp\\..\\\\bdp\\AtelierB', '-P', '-O', 'C:\\CSSP\\CSSP_WORKSPACE\\CSSP\\bdp\\..\\\\lang\\dcc\\CSSP\\b_toolchain\\bxml', 'user_ctx.mch']
Launch [BXML 21/21] : ['C:\\CSSP\\Atelier_B_cssp_4.6.0-rc7\\dcc_package_win\\tools_win\\bin\\bxml.exe', '-c', '-p', 'C:\\CSSP\\CSSP_WORKSPACE\\CSSP\\bdp\\..\\\\bdp\\CSSP.db', '-r', 'C:\\CSSP\\CSSP_WORKSPACE\\CSSP\\bdp\\..\\\\bdp\\AtelierB', '-P', '-O', 'C:\\CSSP\\CSSP_WORKSPACE\\CSSP\\bdp\\..\\\\lang\\dcc\\CSSP\\b_toolchain\\bxml', 'user_ctx_i.imp']
