---------------------------------------
 DCC v0.0, ClearSy 2017

 Configuration from user arguments
---------------------------------------
step                   | elf-diff
release_mode           | ReleaseMode.SAFETY
platform               | win32
install_dir            | C:\CSSP\Atelier_B_cssp_4.6.0-rc7\dcc_package_win
build_dir              | C:\CSSP\CSSP_WORKSPACE\xbotMars\lang\dcc
compile_mode           | CompilationMode.USER
ending_mode            | EndingMode.LCHIP
debug_mode             | False
lite_mode              | False
project_name           | xbotMars
build_project_dir      | C:\CSSP\CSSP_WORKSPACE\xbotMars\lang\dcc\xbotMars
kernel_archive         | C:\CSSP\Atelier_B_cssp_4.6.0-rc7\extensions\lchip_795L_multi_kernel_kernel_archive.zip
tools_dir              | C:\CSSP\Atelier_B_cssp_4.6.0-rc7\dcc_package_win\tools_win
tools_cfg              | C:\CSSP\Atelier_B_cssp_4.6.0-rc7\dcc_package_win\tools.cfg
config_dir             | C:\CSSP\Atelier_B_cssp_4.6.0-rc7\extensions\lchip_user_src\cfg
resources_dir          | C:\CSSP\Atelier_B_cssp_4.6.0-rc7\extensions\lchip_user_src\resources
c_src_dir              | C:\CSSP\Atelier_B_cssp_4.6.0-rc7\extensions\lchip_user_src\src
b_bdp_dir              | C:\CSSP\CSSP_WORKSPACE\xbotMars\bdp
b_db                   | C:\CSSP\CSSP_WORKSPACE\xbotMars\bdp\xbotMars.db
parrallel_build_tasks  | 1
compiler               | C:\CSSP\Atelier_B_cssp_4.6.0-rc7\dcc_package_win\tools_win\c2hex\pic32-tools\bin\pic32-gcc.exe
read_elf               | C:\CSSP\Atelier_B_cssp_4.6.0-rc7\dcc_package_win\tools_win\c2hex\pic32-tools\bin\pic32-readelf.exe
bin2hex                | C:\CSSP\Atelier_B_cssp_4.6.0-rc7\dcc_package_win\tools_win\c2hex\pic32-tools\bin\pic32-bin2hex.exe
c_compiler_options     | False
use_bootloader         | False
generate_mips_assembly | False
Output hex file        | C:\CSSP\CSSP_WORKSPACE\xbotMars\lang\dcc\xbotMars\xbotMars_final.hex

 Configuration tools configuration file
---------------------------------------
bxml                  | C:\CSSP\Atelier_B_cssp_4.6.0-rc7\dcc_package_win\tools_win\bin\bxml.exe
c4b                   | C:\CSSP\Atelier_B_cssp_4.6.0-rc7\dcc_package_win\tools_win\bin\b2c.exe
concateneur           | C:\CSSP\Atelier_B_cssp_4.6.0-rc7\dcc_package_win\tools_win\bin\Concateneur_non_gui.exe
checksummer_debarque  | C:\CSSP\Atelier_B_cssp_4.6.0-rc7\dcc_package_win\tools_win\bin\ChecksummerDebarque.exe
checksummer_total     | C:\CSSP\Atelier_B_cssp_4.6.0-rc7\dcc_package_win\tools_win\bin\CheckSummerTotalNonGui.exe
mapping_b32_gen       | C:\CSSP\Atelier_B_cssp_4.6.0-rc7\dcc_package_win\tools_win\bin\mapping_b32_gen.exe
link_to_replicas_gen  | C:\CSSP\Atelier_B_cssp_4.6.0-rc7\dcc_package_win\tools_win\bin\link_to_replicas_gen.exe
info_memory_usage     | C:\CSSP\Atelier_B_cssp_4.6.0-rc7\dcc_package_win\tools_win\bin\info_memory_usage.exe
include_constants_gen | C:\CSSP\Atelier_B_cssp_4.6.0-rc7\dcc_package_win\tools_win\bin\include_constants_gen.exe
model_data_group_gen  | C:\CSSP\Atelier_B_cssp_4.6.0-rc7\dcc_package_win\tools_win\bin\model_data_group_gen.exe
pic32ubl              | C:\CSSP\Atelier_B_cssp_4.6.0-rc7\dcc_package_win\tools_win\bin\LCHIP_uploader.exe

 Configuration project configuration file
---------------------------------------
COMPILATION_MODE                | USER
ENDING_MODE                     | LCHIP
MCU                             | 32MX795F512L
INCLUDE_CONSTANTS_PATH          | replica_2\include_constants.h
C4B_OUTPUT_PATH                 | replica_2
LINKER_SCRIPT                   | LinkerScript.ld
PROGRAM_MEM                     | ORIGIN = 0x9D000000, LENGTH = 0x80000
PROGRAM_DATA                    | ORIGIN = 0xA0000000, LENGTH = 0x20000
BOOTLOADER_AREA                 | ORIGIN = 0x1FC00000, LENGTH = 0x3000
[_SYSTEM_RESERVED_FLASH_LENGTH] | 0x15000
[_SYSTEM_RESERVED_RAM_LENGTH]   | 0x8000
[_PRECOMPUTED_CRC_SPACE]        | 0x1000
[_PRECOMPUTED_CRC_LENGTH]       | 0x1000
C_COMPILER                      | pic32
C_COMPILER_OPT                  | -D _DISABLE_OPENADC10_CONFIGPORT_WARNING -D _SUPPRESS_PLIB_WARNING
R1_CHK_VAR_SECTION              | .R1_CHK_VAR
R1_NCHK_VAR_SECTION             | .R1_NCHK_VAR
R1_FN_SECTION                   | .R1_FN
SYMBOL_REGEX                    | ^safety_variables__initialisation$
STRUCT_GLOBAL_CONSTANTS         | global_constants
STRUCT_SAFETY_VARIABLES_SIZE    | struct_safety_variables_size_minus_1
STRUCT_SAFETY_VARIABLES_ARRAY   | safety_variables_array
LINK_TO_KERNEL_REGEX            | ^.*$
LINK_TO_KERNEL_ADDR_PATH        | kernel_app\link_to_kernel_addr.h
NON_APP_SECTION_REGEX           | ^\.(USER_INFO|TEST_FLASH|SAFETY_SPACE_CRC|CRC|NR_NS_FN_NO_CACHE|R[12]?_U_\w+)$
FREE_FLASH_SECTION              | .FREE_FLASH_SPACE
FREE_RAM_SECTION                | .FREE_RAM_SPACE



 -------------------------------- 
|     I - .elf diff checking     |
 -------------------------------- 

1.1) Sections
-----------------
INFO : expected difference in readelf command result :
elf_1 : section .R1_FN = start 9d0199c8, length 064638
elf_2 : section .R1_FN = start 9d0199c8, length 002688

INFO : expected difference in readelf command result :
elf_1 : ---
elf_2 : section .FREE_FLASH_SPACE = start 9d01c050, length 061fb0

No critical difference dectected

1.2) Symbols
----------------
No critical difference dectected
