---------------------------------------
 DCC v0.0, ClearSy 2017

 Configuration from user arguments
---------------------------------------
step                   | b32
release_mode           | ReleaseMode.SAFETY
platform               | win32
install_dir            | C:\CSSP\Atelier_B_cssp_4.6.0-rc7\dcc_package_win
build_dir              | C:\CSSP\CSSP_WORKSPACE\xbotMars\lang\dcc
compile_mode           | CompilationMode.USER
ending_mode            | EndingMode.LCHIP
debug_mode             | False
lite_mode              | False
project_name           | xbotMars
build_project_dir      | C:\CSSP\CSSP_WORKSPACE\xbotMars\lang\dcc\xbotMars
kernel_archive         | C:\CSSP\Atelier_B_cssp_4.6.0-rc7\extensions\lchip_795L_multi_kernel_kernel_archive.zip
tools_dir              | C:\CSSP\Atelier_B_cssp_4.6.0-rc7\dcc_package_win\tools_win
tools_cfg              | C:\CSSP\Atelier_B_cssp_4.6.0-rc7\dcc_package_win\tools.cfg
config_dir             | C:\CSSP\Atelier_B_cssp_4.6.0-rc7\extensions\lchip_user_src\cfg
resources_dir          | C:\CSSP\Atelier_B_cssp_4.6.0-rc7\extensions\lchip_user_src\resources
c_src_dir              | C:\CSSP\Atelier_B_cssp_4.6.0-rc7\extensions\lchip_user_src\src
b_bdp_dir              | C:\CSSP\CSSP_WORKSPACE\xbotMars\bdp
b_db                   | C:\CSSP\CSSP_WORKSPACE\xbotMars\bdp\xbotMars.db
parrallel_build_tasks  | 1
compiler               | C:\CSSP\Atelier_B_cssp_4.6.0-rc7\dcc_package_win\tools_win\c2hex\pic32-tools\bin\pic32-gcc.exe
read_elf               | C:\CSSP\Atelier_B_cssp_4.6.0-rc7\dcc_package_win\tools_win\c2hex\pic32-tools\bin\pic32-readelf.exe
bin2hex                | C:\CSSP\Atelier_B_cssp_4.6.0-rc7\dcc_package_win\tools_win\c2hex\pic32-tools\bin\pic32-bin2hex.exe
c_compiler_options     | False
use_bootloader         | False
generate_mips_assembly | False
Output hex file        | C:\CSSP\CSSP_WORKSPACE\xbotMars\lang\dcc\xbotMars\xbotMars_final.hex

 Configuration tools configuration file
---------------------------------------
bxml                  | C:\CSSP\Atelier_B_cssp_4.6.0-rc7\dcc_package_win\tools_win\bin\bxml.exe
c4b                   | C:\CSSP\Atelier_B_cssp_4.6.0-rc7\dcc_package_win\tools_win\bin\b2c.exe
concateneur           | C:\CSSP\Atelier_B_cssp_4.6.0-rc7\dcc_package_win\tools_win\bin\Concateneur_non_gui.exe
checksummer_debarque  | C:\CSSP\Atelier_B_cssp_4.6.0-rc7\dcc_package_win\tools_win\bin\ChecksummerDebarque.exe
checksummer_total     | C:\CSSP\Atelier_B_cssp_4.6.0-rc7\dcc_package_win\tools_win\bin\CheckSummerTotalNonGui.exe
mapping_b32_gen       | C:\CSSP\Atelier_B_cssp_4.6.0-rc7\dcc_package_win\tools_win\bin\mapping_b32_gen.exe
link_to_replicas_gen  | C:\CSSP\Atelier_B_cssp_4.6.0-rc7\dcc_package_win\tools_win\bin\link_to_replicas_gen.exe
info_memory_usage     | C:\CSSP\Atelier_B_cssp_4.6.0-rc7\dcc_package_win\tools_win\bin\info_memory_usage.exe
include_constants_gen | C:\CSSP\Atelier_B_cssp_4.6.0-rc7\dcc_package_win\tools_win\bin\include_constants_gen.exe
model_data_group_gen  | C:\CSSP\Atelier_B_cssp_4.6.0-rc7\dcc_package_win\tools_win\bin\model_data_group_gen.exe
pic32ubl              | C:\CSSP\Atelier_B_cssp_4.6.0-rc7\dcc_package_win\tools_win\bin\LCHIP_uploader.exe

 Configuration project configuration file
---------------------------------------
COMPILATION_MODE                | USER
ENDING_MODE                     | LCHIP
MCU                             | 32MX795F512L
INCLUDE_CONSTANTS_PATH          | replica_2\include_constants.h
C4B_OUTPUT_PATH                 | replica_2
LINKER_SCRIPT                   | LinkerScript.ld
PROGRAM_MEM                     | ORIGIN = 0x9D000000, LENGTH = 0x80000
PROGRAM_DATA                    | ORIGIN = 0xA0000000, LENGTH = 0x20000
BOOTLOADER_AREA                 | ORIGIN = 0x1FC00000, LENGTH = 0x3000
[_SYSTEM_RESERVED_FLASH_LENGTH] | 0x15000
[_SYSTEM_RESERVED_RAM_LENGTH]   | 0x8000
[_PRECOMPUTED_CRC_SPACE]        | 0x1000
[_PRECOMPUTED_CRC_LENGTH]       | 0x1000
C_COMPILER                      | pic32
C_COMPILER_OPT                  | -D _DISABLE_OPENADC10_CONFIGPORT_WARNING -D _SUPPRESS_PLIB_WARNING
R1_CHK_VAR_SECTION              | .R1_CHK_VAR
R1_NCHK_VAR_SECTION             | .R1_NCHK_VAR
R1_FN_SECTION                   | .R1_FN
SYMBOL_REGEX                    | ^safety_variables__initialisation$
STRUCT_GLOBAL_CONSTANTS         | global_constants
STRUCT_SAFETY_VARIABLES_SIZE    | struct_safety_variables_size_minus_1
STRUCT_SAFETY_VARIABLES_ARRAY   | safety_variables_array
LINK_TO_KERNEL_REGEX            | ^.*$
LINK_TO_KERNEL_ADDR_PATH        | kernel_app\link_to_kernel_addr.h
NON_APP_SECTION_REGEX           | ^\.(USER_INFO|TEST_FLASH|SAFETY_SPACE_CRC|CRC|NR_NS_FN_NO_CACHE|R[12]?_U_\w+)$
FREE_FLASH_SECTION              | .FREE_FLASH_SPACE
FREE_RAM_SECTION                | .FREE_RAM_SPACE



 --------------------------- 
|     I - B32 toolchain     |
 --------------------------- 

1.1) BXML
-------------
Parallel launch : [BXML], 20 tasks, by 1
Launch [BXML  1/20] : ['C:\\CSSP\\Atelier_B_cssp_4.6.0-rc7\\dcc_package_win\\tools_win\\bin\\bxml.exe', '-c', '-p', 'C:/CSSP/CSSP_WORKSPACE/xbotMars/bdp/xbotMars.db', '-r', 'C:/CSSP/CSSP_WORKSPACE/xbotMars/bdp\\AtelierB', '-P', '-O', 'C:/CSSP/CSSP_WORKSPACE/xbotMars/lang/dcc\\xbotMars\\b_toolchain\\bxml', 'g_operators.mch']
Launch [BXML  2/20] : ['C:\\CSSP\\Atelier_B_cssp_4.6.0-rc7\\dcc_package_win\\tools_win\\bin\\bxml.exe', '-c', '-p', 'C:/CSSP/CSSP_WORKSPACE/xbotMars/bdp/xbotMars.db', '-r', 'C:/CSSP/CSSP_WORKSPACE/xbotMars/bdp\\AtelierB', '-P', '-O', 'C:/CSSP/CSSP_WORKSPACE/xbotMars/lang/dcc\\xbotMars\\b_toolchain\\bxml', 'g_standard_types.mch']
Launch [BXML  3/20] : ['C:\\CSSP\\Atelier_B_cssp_4.6.0-rc7\\dcc_package_win\\tools_win\\bin\\bxml.exe', '-c', '-p', 'C:/CSSP/CSSP_WORKSPACE/xbotMars/bdp/xbotMars.db', '-r', 'C:/CSSP/CSSP_WORKSPACE/xbotMars/bdp\\AtelierB', '-P', '-O', 'C:/CSSP/CSSP_WORKSPACE/xbotMars/lang/dcc\\xbotMars\\b_toolchain\\bxml', 'g_types.mch']
Launch [BXML  4/20] : ['C:\\CSSP\\Atelier_B_cssp_4.6.0-rc7\\dcc_package_win\\tools_win\\bin\\bxml.exe', '-c', '-p', 'C:/CSSP/CSSP_WORKSPACE/xbotMars/bdp/xbotMars.db', '-r', 'C:/CSSP/CSSP_WORKSPACE/xbotMars/bdp\\AtelierB', '-P', '-O', 'C:/CSSP/CSSP_WORKSPACE/xbotMars/lang/dcc\\xbotMars\\b_toolchain\\bxml', 'g_types_i.imp']
Launch [BXML  5/20] : ['C:\\CSSP\\Atelier_B_cssp_4.6.0-rc7\\dcc_package_win\\tools_win\\bin\\bxml.exe', '-c', '-p', 'C:/CSSP/CSSP_WORKSPACE/xbotMars/bdp/xbotMars.db', '-r', 'C:/CSSP/CSSP_WORKSPACE/xbotMars/bdp\\AtelierB', '-P', '-O', 'C:/CSSP/CSSP_WORKSPACE/xbotMars/lang/dcc\\xbotMars\\b_toolchain\\bxml', 'inputs.mch']
Launch [BXML  6/20] : ['C:\\CSSP\\Atelier_B_cssp_4.6.0-rc7\\dcc_package_win\\tools_win\\bin\\bxml.exe', '-c', '-p', 'C:/CSSP/CSSP_WORKSPACE/xbotMars/bdp/xbotMars.db', '-r', 'C:/CSSP/CSSP_WORKSPACE/xbotMars/bdp\\AtelierB', '-P', '-O', 'C:/CSSP/CSSP_WORKSPACE/xbotMars/lang/dcc\\xbotMars\\b_toolchain\\bxml', 'inputs_i.imp']
Launch [BXML  7/20] : ['C:\\CSSP\\Atelier_B_cssp_4.6.0-rc7\\dcc_package_win\\tools_win\\bin\\bxml.exe', '-c', '-p', 'C:/CSSP/CSSP_WORKSPACE/xbotMars/bdp/xbotMars.db', '-r', 'C:/CSSP/CSSP_WORKSPACE/xbotMars/bdp\\AtelierB', '-P', '-O', 'C:/CSSP/CSSP_WORKSPACE/xbotMars/lang/dcc\\xbotMars\\b_toolchain\\bxml', 'io_constants.mch']
Launch [BXML  8/20] : ['C:\\CSSP\\Atelier_B_cssp_4.6.0-rc7\\dcc_package_win\\tools_win\\bin\\bxml.exe', '-c', '-p', 'C:/CSSP/CSSP_WORKSPACE/xbotMars/bdp/xbotMars.db', '-r', 'C:/CSSP/CSSP_WORKSPACE/xbotMars/bdp\\AtelierB', '-P', '-O', 'C:/CSSP/CSSP_WORKSPACE/xbotMars/lang/dcc\\xbotMars\\b_toolchain\\bxml', 'lchip_configuration.mch']
Launch [BXML  9/20] : ['C:\\CSSP\\Atelier_B_cssp_4.6.0-rc7\\dcc_package_win\\tools_win\\bin\\bxml.exe', '-c', '-p', 'C:/CSSP/CSSP_WORKSPACE/xbotMars/bdp/xbotMars.db', '-r', 'C:/CSSP/CSSP_WORKSPACE/xbotMars/bdp\\AtelierB', '-P', '-O', 'C:/CSSP/CSSP_WORKSPACE/xbotMars/lang/dcc\\xbotMars\\b_toolchain\\bxml', 'lchip_interface.mch']
Launch [BXML 10/20] : ['C:\\CSSP\\Atelier_B_cssp_4.6.0-rc7\\dcc_package_win\\tools_win\\bin\\bxml.exe', '-c', '-p', 'C:/CSSP/CSSP_WORKSPACE/xbotMars/bdp/xbotMars.db', '-r', 'C:/CSSP/CSSP_WORKSPACE/xbotMars/bdp\\AtelierB', '-P', '-O', 'C:/CSSP/CSSP_WORKSPACE/xbotMars/lang/dcc\\xbotMars\\b_toolchain\\bxml', 'logic.mch']
Launch [BXML 11/20] : ['C:\\CSSP\\Atelier_B_cssp_4.6.0-rc7\\dcc_package_win\\tools_win\\bin\\bxml.exe', '-c', '-p', 'C:/CSSP/CSSP_WORKSPACE/xbotMars/bdp/xbotMars.db', '-r', 'C:/CSSP/CSSP_WORKSPACE/xbotMars/bdp\\AtelierB', '-P', '-O', 'C:/CSSP/CSSP_WORKSPACE/xbotMars/lang/dcc\\xbotMars\\b_toolchain\\bxml', 'logic_i.imp']
Launch [BXML 12/20] : ['C:\\CSSP\\Atelier_B_cssp_4.6.0-rc7\\dcc_package_win\\tools_win\\bin\\bxml.exe', '-c', '-p', 'C:/CSSP/CSSP_WORKSPACE/xbotMars/bdp/xbotMars.db', '-r', 'C:/CSSP/CSSP_WORKSPACE/xbotMars/bdp\\AtelierB', '-P', '-O', 'C:/CSSP/CSSP_WORKSPACE/xbotMars/lang/dcc\\xbotMars\\b_toolchain\\bxml', 'outputs.mch']
Launch [BXML 13/20] : ['C:\\CSSP\\Atelier_B_cssp_4.6.0-rc7\\dcc_package_win\\tools_win\\bin\\bxml.exe', '-c', '-p', 'C:/CSSP/CSSP_WORKSPACE/xbotMars/bdp/xbotMars.db', '-r', 'C:/CSSP/CSSP_WORKSPACE/xbotMars/bdp\\AtelierB', '-P', '-O', 'C:/CSSP/CSSP_WORKSPACE/xbotMars/lang/dcc\\xbotMars\\b_toolchain\\bxml', 'outputs_i.imp']
Launch [BXML 14/20] : ['C:\\CSSP\\Atelier_B_cssp_4.6.0-rc7\\dcc_package_win\\tools_win\\bin\\bxml.exe', '-c', '-p', 'C:/CSSP/CSSP_WORKSPACE/xbotMars/bdp/xbotMars.db', '-r', 'C:/CSSP/CSSP_WORKSPACE/xbotMars/bdp\\AtelierB', '-P', '-O', 'C:/CSSP/CSSP_WORKSPACE/xbotMars/lang/dcc\\xbotMars\\b_toolchain\\bxml', 'safety_variables.mch']
Launch [BXML 15/20] : ['C:\\CSSP\\Atelier_B_cssp_4.6.0-rc7\\dcc_package_win\\tools_win\\bin\\bxml.exe', '-c', '-p', 'C:/CSSP/CSSP_WORKSPACE/xbotMars/bdp/xbotMars.db', '-r', 'C:/CSSP/CSSP_WORKSPACE/xbotMars/bdp\\AtelierB', '-P', '-O', 'C:/CSSP/CSSP_WORKSPACE/xbotMars/lang/dcc\\xbotMars\\b_toolchain\\bxml', 'user_component.mch']
Launch [BXML 16/20] : ['C:\\CSSP\\Atelier_B_cssp_4.6.0-rc7\\dcc_package_win\\tools_win\\bin\\bxml.exe', '-c', '-p', 'C:/CSSP/CSSP_WORKSPACE/xbotMars/bdp/xbotMars.db', '-r', 'C:/CSSP/CSSP_WORKSPACE/xbotMars/bdp\\AtelierB', '-P', '-O', 'C:/CSSP/CSSP_WORKSPACE/xbotMars/lang/dcc\\xbotMars\\b_toolchain\\bxml', 'user_component_i.imp']
Launch [BXML 17/20] : ['C:\\CSSP\\Atelier_B_cssp_4.6.0-rc7\\dcc_package_win\\tools_win\\bin\\bxml.exe', '-c', '-p', 'C:/CSSP/CSSP_WORKSPACE/xbotMars/bdp/xbotMars.db', '-r', 'C:/CSSP/CSSP_WORKSPACE/xbotMars/bdp\\AtelierB', '-P', '-O', 'C:/CSSP/CSSP_WORKSPACE/xbotMars/lang/dcc\\xbotMars\\b_toolchain\\bxml', 'user_configuration.mch']
Launch [BXML 18/20] : ['C:\\CSSP\\Atelier_B_cssp_4.6.0-rc7\\dcc_package_win\\tools_win\\bin\\bxml.exe', '-c', '-p', 'C:/CSSP/CSSP_WORKSPACE/xbotMars/bdp/xbotMars.db', '-r', 'C:/CSSP/CSSP_WORKSPACE/xbotMars/bdp\\AtelierB', '-P', '-O', 'C:/CSSP/CSSP_WORKSPACE/xbotMars/lang/dcc\\xbotMars\\b_toolchain\\bxml', 'user_configuration_i.imp']
Launch [BXML 19/20] : ['C:\\CSSP\\Atelier_B_cssp_4.6.0-rc7\\dcc_package_win\\tools_win\\bin\\bxml.exe', '-c', '-p', 'C:/CSSP/CSSP_WORKSPACE/xbotMars/bdp/xbotMars.db', '-r', 'C:/CSSP/CSSP_WORKSPACE/xbotMars/bdp\\AtelierB', '-P', '-O', 'C:/CSSP/CSSP_WORKSPACE/xbotMars/lang/dcc\\xbotMars\\b_toolchain\\bxml', 'user_ctx.mch']
Launch [BXML 20/20] : ['C:\\CSSP\\Atelier_B_cssp_4.6.0-rc7\\dcc_package_win\\tools_win\\bin\\bxml.exe', '-c', '-p', 'C:/CSSP/CSSP_WORKSPACE/xbotMars/bdp/xbotMars.db', '-r', 'C:/CSSP/CSSP_WORKSPACE/xbotMars/bdp\\AtelierB', '-P', '-O', 'C:/CSSP/CSSP_WORKSPACE/xbotMars/lang/dcc\\xbotMars\\b_toolchain\\bxml', 'user_ctx_i.imp']

1.2) MAPPING_B32_GEN
------------------------
Output file : C:/CSSP/CSSP_WORKSPACE/xbotMars/lang/dcc\xbotMars\b_toolchain\mapping_b32\xbotMars.input_mapping
Launch [Mapping B32 gen] : ['C:\\CSSP\\Atelier_B_cssp_4.6.0-rc7\\dcc_package_win\\tools_win\\bin\\mapping_b32_gen.exe', 'C:/CSSP/CSSP_WORKSPACE/xbotMars/lang/dcc\\xbotMars\\cfg\\config.cfg', 'C:/CSSP/CSSP_WORKSPACE/xbotMars/lang/dcc\\xbotMars\\cfg\\model_data_group.cfg', 'C:\\CSSP\\Atelier_B_cssp_4.6.0-rc7\\dcc_package_win\\tools_win\\c2hex\\pic32-tools\\bin\\pic32-readelf.exe', 'C:/CSSP/CSSP_WORKSPACE/xbotMars/lang/dcc\\xbotMars\\c_toolchain_1\\release\\c_toolchain_1.elf', 'C:/CSSP/CSSP_WORKSPACE/xbotMars/lang/dcc\\xbotMars\\b_toolchain\\mapping_b32\\xbotMars.input_mapping']
Info : SYMBOL_PTR_REGEX not defined in C:/CSSP/CSSP_WORKSPACE/xbotMars/lang/dcc\xbotMars\cfg\config.cfg
""C:\CSSP\Atelier_B_cssp_4.6.0-rc7\dcc_package_win\tools_win\c2hex\pic32-tools\bin\pic32-readelf.exe" "C:/CSSP/CSSP_WORKSPACE/xbotMars/lang/dcc\xbotMars\c_toolchain_1\release\c_toolchain_1.elf" -s -W"
Regex used to match shared symbols : 
	^safety_variables__initialisation$
Shared symbols : 
	0x9d019454 | safety_variables__initialisation
C:/CSSP/CSSP_WORKSPACE/xbotMars/lang/dcc\xbotMars\b_toolchain\mapping_b32\xbotMars.input_mapping successfully generated

1.3) Include kernel mapping
-------------------------------
Done

1.4) B32
------------
Launch [B32 hex generation] : ['C:\\CSSP\\Atelier_B_cssp_4.6.0-rc7\\dcc_package_win\\tools_win\\b32\\b32.exe', '-g', 'C:/CSSP/CSSP_WORKSPACE/xbotMars/lang/dcc\\xbotMars\\b_toolchain\\mapping_b32\\xbotMars.input_mapping', '-l', 'uint8_t', '-s', 'C:/CSSP/CSSP_WORKSPACE/xbotMars/lang/dcc\\xbotMars\\b_toolchain\\b32_release\\b32_toolchain.output_mapping', '-o', 'C:/CSSP/CSSP_WORKSPACE/xbotMars/lang/dcc\\xbotMars\\b_toolchain\\b32_release\\b32_toolchain.hex', 'C:/CSSP/CSSP_WORKSPACE/xbotMars/lang/dcc\\xbotMars\\b_toolchain\\bxml\\g_operators.bxml', 'C:/CSSP/CSSP_WORKSPACE/xbotMars/lang/dcc\\xbotMars\\b_toolchain\\bxml\\g_standard_types.bxml', 'C:/CSSP/CSSP_WORKSPACE/xbotMars/lang/dcc\\xbotMars\\b_toolchain\\bxml\\g_types.bxml', 'C:/CSSP/CSSP_WORKSPACE/xbotMars/lang/dcc\\xbotMars\\b_toolchain\\bxml\\g_types_i.bxml', 'C:/CSSP/CSSP_WORKSPACE/xbotMars/lang/dcc\\xbotMars\\b_toolchain\\bxml\\inputs.bxml', 'C:/CSSP/CSSP_WORKSPACE/xbotMars/lang/dcc\\xbotMars\\b_toolchain\\bxml\\inputs_i.bxml', 'C:/CSSP/CSSP_WORKSPACE/xbotMars/lang/dcc\\xbotMars\\b_toolchain\\bxml\\io_constants.bxml', 'C:/CSSP/CSSP_WORKSPACE/xbotMars/lang/dcc\\xbotMars\\b_toolchain\\bxml\\lchip_configuration.bxml', 'C:/CSSP/CSSP_WORKSPACE/xbotMars/lang/dcc\\xbotMars\\b_toolchain\\bxml\\lchip_interface.bxml', 'C:/CSSP/CSSP_WORKSPACE/xbotMars/lang/dcc\\xbotMars\\b_toolchain\\bxml\\logic.bxml', 'C:/CSSP/CSSP_WORKSPACE/xbotMars/lang/dcc\\xbotMars\\b_toolchain\\bxml\\logic_i.bxml', 'C:/CSSP/CSSP_WORKSPACE/xbotMars/lang/dcc\\xbotMars\\b_toolchain\\bxml\\outputs.bxml', 'C:/CSSP/CSSP_WORKSPACE/xbotMars/lang/dcc\\xbotMars\\b_toolchain\\bxml\\outputs_i.bxml', 'C:/CSSP/CSSP_WORKSPACE/xbotMars/lang/dcc\\xbotMars\\b_toolchain\\bxml\\safety_variables.bxml', 'C:/CSSP/CSSP_WORKSPACE/xbotMars/lang/dcc\\xbotMars\\b_toolchain\\bxml\\user_component.bxml', 'C:/CSSP/CSSP_WORKSPACE/xbotMars/lang/dcc\\xbotMars\\b_toolchain\\bxml\\user_component_i.bxml', 'C:/CSSP/CSSP_WORKSPACE/xbotMars/lang/dcc\\xbotMars\\b_toolchain\\bxml\\user_configuration.bxml', 'C:/CSSP/CSSP_WORKSPACE/xbotMars/lang/dcc\\xbotMars\\b_toolchain\\bxml\\user_configuration_i.bxml', 'C:/CSSP/CSSP_WORKSPACE/xbotMars/lang/dcc\\xbotMars\\b_toolchain\\bxml\\user_ctx.bxml', 'C:/CSSP/CSSP_WORKSPACE/xbotMars/lang/dcc\\xbotMars\\b_toolchain\\bxml\\user_ctx_i.bxml']
